Using pre-set license
Built from '2020.3/china_unity/release' branch; Version is '2020.3.13f1c1 (93b9df9a3ddc) revision 9681375'; Using compiler version '192528614'; Build Type 'Release'
OS: 'Windows 10 Pro; OS build 18363.1556; Version 1909; 64bit' Language: 'zh' Physical Memory: 24525 MB
BatchMode: 1, IsHumanControllingUs: 0, StartBugReporterOnCrash: 0, Is64bit: 1, IsPro: 0

 COMMAND LINE ARGUMENTS:
C:\Program Files\Unity\Hub\Editor\2020.3.13f1c1\Editor\Unity.exe
-adb2
-batchMode
-noUpm
-name
AssetImportWorker0
-projectPath
D:/zhiyingf/vrproject/SceneOperateVR
-logFile
Logs/AssetImportWorker0.log
-srvPort
55425
Successfully changed project path to: D:/zhiyingf/vrproject/SceneOperateVR
D:/zhiyingf/vrproject/SceneOperateVR
Using Asset Import Pipeline V2.
Refreshing native plugins compatible for Editor in 62.49 ms, found 5 plugins.
Preloading 0 native plugins for Editor in 0.00 ms.
Initialize engine version: 2020.3.13f1c1 (93b9df9a3ddc)
[Subsystems] Discovering subsystems at path C:/Program Files/Unity/Hub/Editor/2020.3.13f1c1/Editor/Data/Resources/UnitySubsystems
[Subsystems] Discovering subsystems at path D:/zhiyingf/vrproject/SceneOperateVR/Assets
GfxDevice: creating device client; threaded=0
Direct3D:
    Version:  Direct3D 11.0 [level 11.1]
    Renderer: NVIDIA GeForce GTX 1070 (ID=0x1b81)
    Vendor:   
    VRAM:     8088 MB
    Driver:   30.0.14.7212
Initialize mono
Mono path[0] = 'C:/Program Files/Unity/Hub/Editor/2020.3.13f1c1/Editor/Data/Managed'
Mono path[1] = 'C:/Program Files/Unity/Hub/Editor/2020.3.13f1c1/Editor/Data/MonoBleedingEdge/lib/mono/unityjit'
Mono config path = 'C:/Program Files/Unity/Hub/Editor/2020.3.13f1c1/Editor/Data/MonoBleedingEdge/etc'
Using monoOptions --debugger-agent=transport=dt_socket,embedding=1,server=y,suspend=n,address=127.0.0.1:56452
Begin MonoManager ReloadAssembly
Registering precompiled unity dll's ...
Register platform support module: C:/Program Files/Unity/Hub/Editor/2020.3.13f1c1/Editor/Data/PlaybackEngines/WindowsStandaloneSupport/UnityEditor.WindowsStandalone.Extensions.dll
Registered in 0.012502 seconds.
Native extension for WindowsStandalone target not found
Refreshing native plugins compatible for Editor in 52.18 ms, found 5 plugins.
Preloading 0 native plugins for Editor in 0.00 ms.
Mono: successfully reloaded assembly
- Completed reload, in  1.313 seconds
Platform modules already initialized, skipping
Registering precompiled user dll's ...
Registered in 0.008646 seconds.
Begin MonoManager ReloadAssembly
Native extension for WindowsStandalone target not found
Refreshing native plugins compatible for Editor in 0.82 ms, found 5 plugins.
Preloading 0 native plugins for Editor in 0.00 ms.
Mono: successfully reloaded assembly
- Completed reload, in  1.609 seconds
Platform modules already initialized, skipping
========================================================================
Worker process is ready to serve import requests
Launched and connected shader compiler UnityShaderCompiler.exe after 0.09 seconds
Refreshing native plugins compatible for Editor in 1.31 ms, found 5 plugins.
Preloading 0 native plugins for Editor in 0.00 ms.
Unloading 1758 Unused Serialized files (Serialized files now loaded: 0)
System memory in use before: 81.9 MB.
System memory in use after: 81.9 MB.

Unloading 21 unused Assets to reduce memory usage. Loaded Objects now: 2195.
Total: 3.956900 ms (FindLiveObjects: 0.328500 ms CreateObjectMapping: 0.122000 ms MarkObjects: 3.114700 ms  DeleteObjects: 0.388100 ms)

AssetImportParameters requested are different than current active one (requested -> active):
  custom:framework-win-MediaFoundation: 216162199b28c13a410421893ffa2e32 -> 
  custom:video-decoder-ogg-theora: a1e56fd34408186e4bbccfd4996cb3dc -> 
  custom:container-muxer-webm: aa71ff27fc2769a1b78a27578f13a17b -> 
  custom:container-demuxer-webm: 4f35f7cbe854078d1ac9338744f61a02 -> 
  custom:container-demuxer-ogg: 62fdf1f143b41e24485cea50d1cbac27 -> 
  custom:video-encoder-webm-vp8: eb34c28f22e8b96e1ab97ce403110664 -> 
  custom:video-decoder-webm-vp8: 9c59270c3fd7afecdb556c50c9e8de78 -> 
  custom:audio-decoder-ogg-vorbis: bf7c407c2cedff20999df2af8eb42d56 -> 
  custom:audio-encoder-webm-vorbis: bf7c407c2cedff20999df2af8eb42d56 -> 
========================================================================
Received Import Request.
  path: Assets/models/555.obj
  artifactKey: Guid(dea431cf349d49943aee6cccbd69e64d) Importer(815301076,1909f56bfc062723c751e8b465ee728b)
Start importing Assets/models/555.obj using Guid(dea431cf349d49943aee6cccbd69e64d) Importer(815301076,1909f56bfc062723c751e8b465ee728b)  -> (artifact id: 'bb1a793b8eafc3abf1448392a43ae3cd') in 0.220471 seconds 
  Import took 0.230526 seconds .

========================================================================
Received Import Request.
  Time since last request: 0.000400 seconds.
  path: Assets/models/549_3_1.obj
  artifactKey: Guid(4858c83539a5adb4891f0bdfdb4f7c03) Importer(815301076,1909f56bfc062723c751e8b465ee728b)
Start importing Assets/models/549_3_1.obj using Guid(4858c83539a5adb4891f0bdfdb4f7c03) Importer(815301076,1909f56bfc062723c751e8b465ee728b)  -> (artifact id: '77f876ed220e41a041df679f93154b85') in 0.032499 seconds 
  Import took 0.036506 seconds .

========================================================================
Received Import Request.
  Time since last request: 0.000399 seconds.
  path: Assets/models/558.obj
  artifactKey: Guid(918755ab4b1462646a359c095f6ff753) Importer(815301076,1909f56bfc062723c751e8b465ee728b)
Start importing Assets/models/558.obj using Guid(918755ab4b1462646a359c095f6ff753) Importer(815301076,1909f56bfc062723c751e8b465ee728b)  -> (artifact id: 'e5d233cdfa0352bcb2209a85158a26e6') in 0.027894 seconds 
  Import took 0.031270 seconds .

========================================================================
Received Import Request.
  Time since last request: 0.000390 seconds.
  path: Assets/models/558_3_2.obj
  artifactKey: Guid(c72945ca55352a14ab9cb5bf1c00b079) Importer(815301076,1909f56bfc062723c751e8b465ee728b)
Start importing Assets/models/558_3_2.obj using Guid(c72945ca55352a14ab9cb5bf1c00b079) Importer(815301076,1909f56bfc062723c751e8b465ee728b)  -> (artifact id: 'd6f6b9a210b5ca6ff9212c462cd0055a') in 0.023869 seconds 
  Import took 0.027415 seconds .

========================================================================
Received Import Request.
  Time since last request: 0.000291 seconds.
  path: Assets/models/558_3_1.obj
  artifactKey: Guid(c0210c123b6d7d143bc47cf727b0d188) Importer(815301076,1909f56bfc062723c751e8b465ee728b)
Start importing Assets/models/558_3_1.obj using Guid(c0210c123b6d7d143bc47cf727b0d188) Importer(815301076,1909f56bfc062723c751e8b465ee728b)  -> (artifact id: '528e97a23b301ad8df15f6dcd456809d') in 0.023147 seconds 
  Import took 0.027067 seconds .

========================================================================
Received Import Request.
  Time since last request: 0.000295 seconds.
  path: Assets/models/558_3_3.obj
  artifactKey: Guid(239dbd8847595634db24eeafa9d6dba7) Importer(815301076,1909f56bfc062723c751e8b465ee728b)
Start importing Assets/models/558_3_3.obj using Guid(239dbd8847595634db24eeafa9d6dba7) Importer(815301076,1909f56bfc062723c751e8b465ee728b)  -> (artifact id: 'b90e9f114b5644875b9c970c667f1259') in 0.022243 seconds 
  Import took 0.025769 seconds .

========================================================================
Received Import Request.
  Time since last request: 0.000285 seconds.
  path: Assets/models/549_3_2.obj
  artifactKey: Guid(d0997316c9337d7479d89d4e64b41084) Importer(815301076,1909f56bfc062723c751e8b465ee728b)
Start importing Assets/models/549_3_2.obj using Guid(d0997316c9337d7479d89d4e64b41084) Importer(815301076,1909f56bfc062723c751e8b465ee728b)  -> (artifact id: 'f11da0eed67110117afb540f0a9cccd2') in 0.021187 seconds 
  Import took 0.024650 seconds .

========================================================================
Received Import Request.
  Time since last request: 0.000484 seconds.
  path: Assets/models/549.obj
  artifactKey: Guid(288243ec28ff8ab45be330c6ad95605f) Importer(815301076,1909f56bfc062723c751e8b465ee728b)
Start importing Assets/models/549.obj using Guid(288243ec28ff8ab45be330c6ad95605f) Importer(815301076,1909f56bfc062723c751e8b465ee728b)  -> (artifact id: '301d99fbdddfb6401e1811044e4b6692') in 0.027103 seconds 
  Import took 0.030593 seconds .

========================================================================
Received Import Request.
  Time since last request: 0.000264 seconds.
  path: Assets/models/549_2.obj
  artifactKey: Guid(f28cfac9a15684a419a97ae082732e60) Importer(815301076,1909f56bfc062723c751e8b465ee728b)
Start importing Assets/models/549_2.obj using Guid(f28cfac9a15684a419a97ae082732e60) Importer(815301076,1909f56bfc062723c751e8b465ee728b)  -> (artifact id: '1a08f1924d1eeefff12157bed8a56672') in 0.023969 seconds 
  Import took 0.027470 seconds .

========================================================================
Received Import Request.
  Time since last request: 0.000330 seconds.
  path: Assets/models/549_1.obj
  artifactKey: Guid(b6e270da85e760c4c9a64268fe96340c) Importer(815301076,1909f56bfc062723c751e8b465ee728b)
Start importing Assets/models/549_1.obj using Guid(b6e270da85e760c4c9a64268fe96340c) Importer(815301076,1909f56bfc062723c751e8b465ee728b)  -> (artifact id: '0cfb5b624f0419e8bbb7751ca4082248') in 0.026157 seconds 
  Import took 0.030905 seconds .

========================================================================
Received Import Request.
  Time since last request: 0.000268 seconds.
  path: Assets/models/555_1.obj
  artifactKey: Guid(0377944268261b8479d937257f13e967) Importer(815301076,1909f56bfc062723c751e8b465ee728b)
Start importing Assets/models/555_1.obj using Guid(0377944268261b8479d937257f13e967) Importer(815301076,1909f56bfc062723c751e8b465ee728b)  -> (artifact id: '0da9a53543705b14f855ca4e1f952523') in 0.022928 seconds 
  Import took 0.026355 seconds .

========================================================================
Received Import Request.
  Time since last request: 0.000339 seconds.
  path: Assets/models/555_2.obj
  artifactKey: Guid(3b5ed4159432ad54391eff7452f48720) Importer(815301076,1909f56bfc062723c751e8b465ee728b)
Start importing Assets/models/555_2.obj using Guid(3b5ed4159432ad54391eff7452f48720) Importer(815301076,1909f56bfc062723c751e8b465ee728b)  -> (artifact id: '3eda62cb9402e6168d132f4d4df5d255') in 0.022078 seconds 
  Import took 0.025732 seconds .

========================================================================
Received Import Request.
  Time since last request: 0.000313 seconds.
  path: Assets/models/558_2.obj
  artifactKey: Guid(2aa45045a6c09c44c80c967d98f35f09) Importer(815301076,1909f56bfc062723c751e8b465ee728b)
Start importing Assets/models/558_2.obj using Guid(2aa45045a6c09c44c80c967d98f35f09) Importer(815301076,1909f56bfc062723c751e8b465ee728b)  -> (artifact id: '19b0ab813e95af6af743a39edc0de16a') in 0.023447 seconds 
  Import took 0.027359 seconds .

========================================================================
Received Import Request.
  Time since last request: 0.000355 seconds.
  path: Assets/models/549_3_4.obj
  artifactKey: Guid(f9329c92c70ca664886aa179e7333de5) Importer(815301076,1909f56bfc062723c751e8b465ee728b)
Start importing Assets/models/549_3_4.obj using Guid(f9329c92c70ca664886aa179e7333de5) Importer(815301076,1909f56bfc062723c751e8b465ee728b)  -> (artifact id: 'a53b4ad85dd5affb15b98cb0d29b1eab') in 0.032052 seconds 
  Import took 0.035696 seconds .

========================================================================
Received Import Request.
  Time since last request: 0.000278 seconds.
  path: Assets/models/555_3.obj
  artifactKey: Guid(fe8e65f6565a58a40a9e436a2cab3fe0) Importer(815301076,1909f56bfc062723c751e8b465ee728b)
Start importing Assets/models/555_3.obj using Guid(fe8e65f6565a58a40a9e436a2cab3fe0) Importer(815301076,1909f56bfc062723c751e8b465ee728b)  -> (artifact id: '87b1ee26afab68005c11c302584f5919') in 0.022484 seconds 
  Import took 0.026044 seconds .

========================================================================
Received Import Request.
  Time since last request: 0.000271 seconds.
  path: Assets/models/549_3_3.obj
  artifactKey: Guid(f083cd4a0394eb54181e5007746f294c) Importer(815301076,1909f56bfc062723c751e8b465ee728b)
Start importing Assets/models/549_3_3.obj using Guid(f083cd4a0394eb54181e5007746f294c) Importer(815301076,1909f56bfc062723c751e8b465ee728b)  -> (artifact id: '788851234ccd0e61e0d937a488213edb') in 0.031434 seconds 
  Import took 0.034621 seconds .

AssetImportWorkerClient::OnTransportError - code=2 error=End of file
